2023-07-26 15:03:19,971 INFO notifyConnectTimeout:200

2023-07-26 15:03:19,972 INFO notifySocketTimeout:8000

2023-07-26 15:03:19,972 INFO isHealthCheck:true

2023-07-26 15:03:19,972 INFO maxHealthCheckFailCount:12

2023-07-26 15:03:19,972 INFO maxContent:10485760

2023-07-26 15:03:20,273 INFO Schema 'NACOS' already exists.

2023-07-26 15:03:20,300 INFO Table/View 'CONFIG_INFO' already exists in Schema 'NACOS'.

2023-07-26 15:03:20,324 INFO Table/View 'HIS_CONFIG_INFO' already exists in Schema 'NACOS'.

2023-07-26 15:03:20,336 INFO Table/View 'CONFIG_INFO_BETA' already exists in Schema 'NACOS'.

2023-07-26 15:03:20,343 INFO Table/View 'CONFIG_INFO_TAG' already exists in Schema 'NACOS'.

2023-07-26 15:03:20,350 INFO Table/View 'CONFIG_INFO_AGGR' already exists in Schema 'NACOS'.

2023-07-26 15:03:20,359 INFO Table/View 'APP_LIST' already exists in Schema 'NACOS'.

2023-07-26 15:03:20,366 INFO Table/View 'APP_CONFIGDATA_RELATION_SUBS' already exists in Schema 'NACOS'.

2023-07-26 15:03:20,373 INFO Table/View 'APP_CONFIGDATA_RELATION_PUBS' already exists in Schema 'NACOS'.

2023-07-26 15:03:20,380 INFO Table/View 'CONFIG_TAGS_RELATION' already exists in Schema 'NACOS'.

2023-07-26 15:03:20,389 INFO Table/View 'GROUP_CAPACITY' already exists in Schema 'NACOS'.

2023-07-26 15:03:20,396 INFO Table/View 'TENANT_CAPACITY' already exists in Schema 'NACOS'.

2023-07-26 15:03:20,402 INFO Table/View 'TENANT_INFO' already exists in Schema 'NACOS'.

2023-07-26 15:03:20,410 INFO Table/View 'USERS' already exists in Schema 'NACOS'.

2023-07-26 15:03:20,416 INFO Table/View 'ROLES' already exists in Schema 'NACOS'.

2023-07-26 15:03:20,455 INFO The statement was aborted because it would have caused a duplicate key value in a unique or primary key constraint or unique index identified by 'SQL230622143106280' defined on 'USERS'.

2023-07-26 15:03:20,980 INFO ServerListService address-server port:8848

2023-07-26 15:03:20,980 INFO ADDRESS_SERVER_URL:http://jmenv.tbsite.net:8080/nacos/serverlist

2023-07-26 15:03:20,982 WARN [serverlist] updated to [192.168.3.7]

2023-07-26 15:03:21,036 WARN DumpService start

2023-07-26 15:03:21,038 INFO start clear all config-info.

2023-07-26 15:03:21,042 WARN clear all config-info failed.

2023-07-26 15:03:21,042 WARN clear all config-info-tenant failed.

2023-07-26 15:03:21,124 INFO [all-dump] 20 / 20

2023-07-26 15:03:21,124 INFO start clear all config-info-beta.

2023-07-26 15:03:21,124 WARN clear all config-info-beta failed.

2023-07-26 15:03:21,124 WARN clear all config-info-beta-tenant failed.

2023-07-26 15:03:21,133 INFO start clear all config-info-tag.

2023-07-26 15:03:21,133 WARN clear all config-info-tag failed.

2023-07-26 15:03:21,134 WARN clear all config-info-tag-tenant failed.

