2023-07-14 15:51:01,557 INFO Starting Nacos v1.1.3 on GaoyuanWang with PID 21740 (D:\wangg\IdeaProjects\gulimall\nacos\target\nacos-server.jar started by wangg in D:\wangg\IdeaProjects\gulimall\nacos\bin)

2023-07-14 15:51:01,559 INFO The following profiles are active: standalone

2023-07-14 15:51:02,847 INFO Bean 'org.springframework.security.config.annotation.configuration.ObjectPostProcessorConfiguration' of type [org.springframework.security.config.annotation.configuration.ObjectPostProcessorConfiguration$$EnhancerBySpringCGLIB$$a2cf23ab] is not eligible for getting processed by all BeanPostProcessors (for example: not eligible for auto-proxying)

2023-07-14 15:51:02,902 INFO Bean 'objectPostProcessor' of type [org.springframework.security.config.annotation.configuration.AutowireBeanFactoryObjectPostProcessor] is not eligible for getting processed by all BeanPostProcessors (for example: not eligible for auto-proxying)

2023-07-14 15:51:02,903 INFO Bean 'org.springframework.security.access.expression.method.DefaultMethodSecurityExpressionHandler@2cf3d63b' of type [org.springframework.security.access.expression.method.DefaultMethodSecurityExpressionHandler] is not eligible for getting processed by all BeanPostProcessors (for example: not eligible for auto-proxying)

2023-07-14 15:51:02,904 INFO Bean 'org.springframework.security.config.annotation.method.configuration.GlobalMethodSecurityConfiguration' of type [org.springframework.security.config.annotation.method.configuration.GlobalMethodSecurityConfiguration$$EnhancerBySpringCGLIB$$c7a3c65d] is not eligible for getting processed by all BeanPostProcessors (for example: not eligible for auto-proxying)

2023-07-14 15:51:02,907 INFO Bean 'methodSecurityMetadataSource' of type [org.springframework.security.access.method.DelegatingMethodSecurityMetadataSource] is not eligible for getting processed by all BeanPostProcessors (for example: not eligible for auto-proxying)

2023-07-14 15:51:03,405 INFO Tomcat initialized with port(s): 8848 (http)

2023-07-14 15:51:03,418 INFO Starting service [Tomcat]

2023-07-14 15:51:03,418 INFO Starting Servlet Engine: Apache Tomcat/9.0.13

2023-07-14 15:51:03,425 INFO The APR based Apache Tomcat Native library which allows optimal performance in production environments was not found on the java.library.path: [D:\Program Files\Java\jdk-1.8\bin;C:\Windows\Sun\Java\bin;C:\Windows\system32;C:\Windows;D:\Program Files\CUDA 12.0\bin;D:\Program Files\CUDA 12.0\libnvvp;D:\Program Files\VMware Workstation Pro\bin\;D:\Program Files\Python\Python3.7\Scripts\;D:\Program Files\Python\Python3.7\;C:\Program Files (x86)\Common Files\Oracle\Java\javapath;C:\Windows\system32;C:\Windows;C:\Windows\System32\Wbem;C:\Windows\System32\WindowsPowerShell\v1.0\;C:\Windows\System32\OpenSSH\;C:\Program Files (x86)\NVIDIA Corporation\PhysX\Common;C:\Program Files\NVIDIA Corporation\NVIDIA NvDLISR;C:\Program Files\dotnet\;C:\Program Files\MySQL\MySQL Shell 8.0\bin\;C:\Program Files\MySQL\MySQL Server 8.0\bin;D:\Program Files\Xshell\;D:\Program Files\Xftp\;C:\Program Files (x86)\ZeroTier\One\;D:\Program Files\Go\bin;C:\Program Files\NVIDIA Corporation\Nsight Compute 2022.4.0\;D:\Program Files\Node js\;C:\Program Files\MySQL\MySQL Shell 8.0\bin\;C:\Users\wangg\go\bin;C:\Users\wangg\AppData\Roaming\npm;D:\Program Files\Python\Python3.7\Scripts;D:\Program Files\Python\Python3.7;;.]

2023-07-14 15:51:03,474 INFO Initializing Spring embedded WebApplicationContext

2023-07-14 15:51:03,475 INFO Root WebApplicationContext: initialization completed in 1893 ms

2023-07-14 15:51:05,220 INFO Use Mysql as the driver

2023-07-14 15:51:05,720 INFO Initializing ExecutorService 'applicationTaskExecutor'

2023-07-14 15:51:05,802 INFO Adding welcome page: class path resource [static/index.html]

2023-07-14 15:51:05,977 INFO Creating filter chain: Ant [pattern='/'], []

2023-07-14 15:51:05,977 INFO Creating filter chain: Ant [pattern='/**/*.css'], []

2023-07-14 15:51:05,977 INFO Creating filter chain: Ant [pattern='/**/*.js'], []

2023-07-14 15:51:05,977 INFO Creating filter chain: Ant [pattern='/**/*.html'], []

2023-07-14 15:51:05,979 INFO Creating filter chain: Ant [pattern='/**/*.map'], []

2023-07-14 15:51:05,979 INFO Creating filter chain: Ant [pattern='/**/*.svg'], []

2023-07-14 15:51:05,979 INFO Creating filter chain: Ant [pattern='/**/*.png'], []

2023-07-14 15:51:05,979 INFO Creating filter chain: Ant [pattern='/**/*.ico'], []

2023-07-14 15:51:05,980 INFO Creating filter chain: Ant [pattern='/console-fe/public/**'], []

2023-07-14 15:51:05,980 INFO Creating filter chain: Ant [pattern='/v1/auth/login'], []

2023-07-14 15:51:05,980 INFO Creating filter chain: Ant [pattern='/v1/console/health/**'], []

2023-07-14 15:51:05,980 INFO Creating filter chain: Ant [pattern='/v1/cs/**'], []

2023-07-14 15:51:05,980 INFO Creating filter chain: Ant [pattern='/v1/ns/**'], []

2023-07-14 15:51:05,981 INFO Creating filter chain: Ant [pattern='/v1/cmdb/**'], []

2023-07-14 15:51:05,981 INFO Creating filter chain: Ant [pattern='/actuator/**'], []

2023-07-14 15:51:05,981 INFO Creating filter chain: Ant [pattern='/v1/console/server/**'], []

2023-07-14 15:51:05,994 INFO Creating filter chain: any request, [org.springframework.security.web.context.request.async.WebAsyncManagerIntegrationFilter@5b444398, org.springframework.security.web.context.SecurityContextPersistenceFilter@7e928e2f, org.springframework.security.web.header.HeaderWriterFilter@2cae1042, org.springframework.security.web.authentication.logout.LogoutFilter@2fc0cc3, com.alibaba.nacos.console.filter.JwtAuthenticationTokenFilter@cb191ca, org.springframework.security.web.savedrequest.RequestCacheAwareFilter@788fcafb, org.springframework.security.web.servletapi.SecurityContextHolderAwareRequestFilter@1698ee84, org.springframework.security.web.authentication.AnonymousAuthenticationFilter@42f48531, org.springframework.security.web.session.SessionManagementFilter@7c209437, org.springframework.security.web.access.ExceptionTranslationFilter@2b5825fa, org.springframework.security.web.access.intercept.FilterSecurityInterceptor@2a3c96e3]

2023-07-14 15:51:06,008 INFO Exposing 2 endpoint(s) beneath base path '/actuator'

2023-07-14 15:51:06,019 INFO Initializing ExecutorService 'taskScheduler'

2023-07-14 15:51:06,061 INFO Tomcat started on port(s): 8848 (http) with context path '/nacos'

2023-07-14 15:51:06,063 INFO Started Nacos in 5.531 seconds (JVM running for 6.107)

2023-07-14 15:51:06,063 INFO Nacos Log files: D:\wangg\IdeaProjects\gulimall\nacos/logs/

2023-07-14 15:51:06,063 INFO Nacos Conf files: D:\wangg\IdeaProjects\gulimall\nacos/conf/

2023-07-14 15:51:06,063 INFO Nacos Data files: D:\wangg\IdeaProjects\gulimall\nacos/data/

2023-07-14 15:51:06,063 INFO Nacos started successfully in stand alone mode.

2023-07-14 15:51:10,138 INFO Initializing Spring DispatcherServlet 'dispatcherServlet'

2023-07-14 15:51:10,138 INFO Initializing Servlet 'dispatcherServlet'

2023-07-14 15:51:10,145 INFO Completed initialization in 6 ms

2023-07-14 15:57:36,574 INFO Expired JWT token.

2023-07-14 15:57:36,586 ERROR Responding with unauthorized error. Message - Full authentication is required to access this resource

2023-07-14 16:01:05,071 INFO [capacityManagement] start correct usage

2023-07-14 16:01:05,134 INFO [capacityManagement] end correct usage, cost: 0s

2023-07-14 16:01:05,226 WARN clearConfigHistory start

2023-07-14 16:11:05,135 INFO [capacityManagement] start correct usage

2023-07-14 16:11:05,136 INFO [capacityManagement] end correct usage, cost: 0s

2023-07-14 16:11:05,260 WARN clearConfigHistory start

2023-07-14 16:21:05,153 INFO [capacityManagement] start correct usage

2023-07-14 16:21:05,154 INFO [capacityManagement] end correct usage, cost: 0s

2023-07-14 16:21:05,261 WARN clearConfigHistory start

2023-07-14 16:31:05,154 INFO [capacityManagement] start correct usage

2023-07-14 16:31:05,159 INFO [capacityManagement] end correct usage, cost: 0s

2023-07-14 16:31:05,277 WARN clearConfigHistory start

2023-07-14 16:41:05,168 INFO [capacityManagement] start correct usage

2023-07-14 16:41:05,172 INFO [capacityManagement] end correct usage, cost: 0s

2023-07-14 16:41:05,293 WARN clearConfigHistory start

2023-07-14 16:50:50,783 INFO Expired JWT token.

2023-07-14 16:50:50,784 ERROR Responding with unauthorized error. Message - Full authentication is required to access this resource

2023-07-14 16:51:05,173 INFO [capacityManagement] start correct usage

2023-07-14 16:51:05,174 INFO [capacityManagement] end correct usage, cost: 0s

2023-07-14 16:51:05,299 WARN clearConfigHistory start

2023-07-14 17:01:05,185 INFO [capacityManagement] start correct usage

2023-07-14 17:01:05,187 INFO [capacityManagement] end correct usage, cost: 0s

2023-07-14 17:01:05,309 WARN clearConfigHistory start

2023-07-14 17:11:05,189 INFO [capacityManagement] start correct usage

2023-07-14 17:11:05,192 INFO [capacityManagement] end correct usage, cost: 0s

2023-07-14 17:11:05,313 WARN clearConfigHistory start

2023-07-14 17:21:05,203 INFO [capacityManagement] start correct usage

2023-07-14 17:21:05,205 INFO [capacityManagement] end correct usage, cost: 0s

2023-07-14 17:21:05,316 WARN clearConfigHistory start

2023-07-14 17:23:10,055 INFO Starting Nacos v1.1.3 on GaoyuanWang with PID 34104 (D:\wangg\IdeaProjects\gulimall\nacos\target\nacos-server.jar started by wangg in D:\wangg\IdeaProjects\gulimall\nacos\bin)

2023-07-14 17:23:10,056 INFO The following profiles are active: standalone

2023-07-14 17:23:10,805 INFO Bean 'org.springframework.security.config.annotation.configuration.ObjectPostProcessorConfiguration' of type [org.springframework.security.config.annotation.configuration.ObjectPostProcessorConfiguration$$EnhancerBySpringCGLIB$$e22f1505] is not eligible for getting processed by all BeanPostProcessors (for example: not eligible for auto-proxying)

2023-07-14 17:23:10,845 INFO Bean 'objectPostProcessor' of type [org.springframework.security.config.annotation.configuration.AutowireBeanFactoryObjectPostProcessor] is not eligible for getting processed by all BeanPostProcessors (for example: not eligible for auto-proxying)

2023-07-14 17:23:10,847 INFO Bean 'org.springframework.security.access.expression.method.DefaultMethodSecurityExpressionHandler@15bb5034' of type [org.springframework.security.access.expression.method.DefaultMethodSecurityExpressionHandler] is not eligible for getting processed by all BeanPostProcessors (for example: not eligible for auto-proxying)

2023-07-14 17:23:10,848 INFO Bean 'org.springframework.security.config.annotation.method.configuration.GlobalMethodSecurityConfiguration' of type [org.springframework.security.config.annotation.method.configuration.GlobalMethodSecurityConfiguration$$EnhancerBySpringCGLIB$$703b7b7] is not eligible for getting processed by all BeanPostProcessors (for example: not eligible for auto-proxying)

2023-07-14 17:23:10,852 INFO Bean 'methodSecurityMetadataSource' of type [org.springframework.security.access.method.DelegatingMethodSecurityMetadataSource] is not eligible for getting processed by all BeanPostProcessors (for example: not eligible for auto-proxying)

2023-07-14 17:23:11,288 INFO Tomcat initialized with port(s): 8848 (http)

2023-07-14 17:23:11,301 INFO Starting service [Tomcat]

2023-07-14 17:23:11,301 INFO Starting Servlet Engine: Apache Tomcat/9.0.13

2023-07-14 17:23:11,308 INFO The APR based Apache Tomcat Native library which allows optimal performance in production environments was not found on the java.library.path: [D:\Program Files\Java\jdk-1.8\bin;C:\Windows\Sun\Java\bin;C:\Windows\system32;C:\Windows;D:\Program Files\CUDA 12.0\bin;D:\Program Files\CUDA 12.0\libnvvp;D:\Program Files\VMware Workstation Pro\bin\;D:\Program Files\Python\Python3.7\Scripts\;D:\Program Files\Python\Python3.7\;C:\Program Files (x86)\Common Files\Oracle\Java\javapath;C:\Windows\system32;C:\Windows;C:\Windows\System32\Wbem;C:\Windows\System32\WindowsPowerShell\v1.0\;C:\Windows\System32\OpenSSH\;C:\Program Files (x86)\NVIDIA Corporation\PhysX\Common;C:\Program Files\NVIDIA Corporation\NVIDIA NvDLISR;C:\Program Files\dotnet\;C:\Program Files\MySQL\MySQL Shell 8.0\bin\;C:\Program Files\MySQL\MySQL Server 8.0\bin;D:\Program Files\Xshell\;D:\Program Files\Xftp\;C:\Program Files (x86)\ZeroTier\One\;D:\Program Files\Go\bin;C:\Program Files\NVIDIA Corporation\Nsight Compute 2022.4.0\;D:\Program Files\Node js\;C:\Program Files\MySQL\MySQL Shell 8.0\bin\;C:\Users\wangg\go\bin;C:\Users\wangg\AppData\Roaming\npm;D:\Program Files\Python\Python3.7\Scripts;D:\Program Files\Python\Python3.7;;.]

2023-07-14 17:23:11,351 INFO Initializing Spring embedded WebApplicationContext

2023-07-14 17:23:11,352 INFO Root WebApplicationContext: initialization completed in 1271 ms

2023-07-14 17:23:12,701 INFO Use Mysql as the driver

2023-07-14 17:23:12,963 INFO Initializing ExecutorService 'applicationTaskExecutor'

2023-07-14 17:23:13,030 INFO Adding welcome page: class path resource [static/index.html]

2023-07-14 17:23:13,156 INFO Creating filter chain: Ant [pattern='/'], []

2023-07-14 17:23:13,156 INFO Creating filter chain: Ant [pattern='/**/*.css'], []

2023-07-14 17:23:13,157 INFO Creating filter chain: Ant [pattern='/**/*.js'], []

2023-07-14 17:23:13,157 INFO Creating filter chain: Ant [pattern='/**/*.html'], []

2023-07-14 17:23:13,157 INFO Creating filter chain: Ant [pattern='/**/*.map'], []

2023-07-14 17:23:13,157 INFO Creating filter chain: Ant [pattern='/**/*.svg'], []

2023-07-14 17:23:13,158 INFO Creating filter chain: Ant [pattern='/**/*.png'], []

2023-07-14 17:23:13,158 INFO Creating filter chain: Ant [pattern='/**/*.ico'], []

2023-07-14 17:23:13,158 INFO Creating filter chain: Ant [pattern='/console-fe/public/**'], []

2023-07-14 17:23:13,158 INFO Creating filter chain: Ant [pattern='/v1/auth/login'], []

2023-07-14 17:23:13,158 INFO Creating filter chain: Ant [pattern='/v1/console/health/**'], []

2023-07-14 17:23:13,159 INFO Creating filter chain: Ant [pattern='/v1/cs/**'], []

2023-07-14 17:23:13,159 INFO Creating filter chain: Ant [pattern='/v1/ns/**'], []

2023-07-14 17:23:13,159 INFO Creating filter chain: Ant [pattern='/v1/cmdb/**'], []

2023-07-14 17:23:13,159 INFO Creating filter chain: Ant [pattern='/actuator/**'], []

2023-07-14 17:23:13,159 INFO Creating filter chain: Ant [pattern='/v1/console/server/**'], []

2023-07-14 17:23:13,170 INFO Creating filter chain: any request, [org.springframework.security.web.context.request.async.WebAsyncManagerIntegrationFilter@67ab1c47, org.springframework.security.web.context.SecurityContextPersistenceFilter@53d1b9b3, org.springframework.security.web.header.HeaderWriterFilter@65b3a85a, org.springframework.security.web.authentication.logout.LogoutFilter@788fcafb, com.alibaba.nacos.console.filter.JwtAuthenticationTokenFilter@b78a709, org.springframework.security.web.savedrequest.RequestCacheAwareFilter@163d04ff, org.springframework.security.web.servletapi.SecurityContextHolderAwareRequestFilter@7e928e2f, org.springframework.security.web.authentication.AnonymousAuthenticationFilter@30bcf3c1, org.springframework.security.web.session.SessionManagementFilter@57eda880, org.springframework.security.web.access.ExceptionTranslationFilter@4504d271, org.springframework.security.web.access.intercept.FilterSecurityInterceptor@45efc20d]

2023-07-14 17:23:13,184 INFO Exposing 2 endpoint(s) beneath base path '/actuator'

2023-07-14 17:23:13,195 INFO Initializing ExecutorService 'taskScheduler'

2023-07-14 17:23:13,235 INFO Tomcat started on port(s): 8848 (http) with context path '/nacos'

2023-07-14 17:23:13,238 INFO Started Nacos in 3.828 seconds (JVM running for 4.118)

2023-07-14 17:23:13,238 INFO Nacos Log files: D:\wangg\IdeaProjects\gulimall\nacos/logs/

2023-07-14 17:23:13,238 INFO Nacos Conf files: D:\wangg\IdeaProjects\gulimall\nacos/conf/

2023-07-14 17:23:13,238 INFO Nacos Data files: D:\wangg\IdeaProjects\gulimall\nacos/data/

2023-07-14 17:23:13,238 INFO Nacos started successfully in stand alone mode.

2023-07-14 17:23:17,652 INFO Initializing Spring DispatcherServlet 'dispatcherServlet'

2023-07-14 17:23:17,652 INFO Initializing Servlet 'dispatcherServlet'

2023-07-14 17:23:17,657 INFO Completed initialization in 5 ms

2023-07-14 17:33:12,609 INFO [capacityManagement] start correct usage

2023-07-14 17:33:12,658 INFO [capacityManagement] end correct usage, cost: 0s

2023-07-14 17:33:12,702 WARN clearConfigHistory start

2023-07-14 17:43:12,662 INFO [capacityManagement] start correct usage

2023-07-14 17:43:12,667 INFO [capacityManagement] end correct usage, cost: 0s

2023-07-14 17:43:12,725 WARN clearConfigHistory start

2023-07-14 20:47:38,846 WARN clearConfigHistory start

2023-07-14 23:08:57,833 WARN clearConfigHistory start

