2023-07-18 14:57:20,560 INFO PERFORMANCE:|0|0|-1|-1

2023-07-18 15:02:20,568 INFO PERFORMANCE:|8|8|-1|-1

2023-07-18 15:07:20,574 INFO PERFORMANCE:|8|8|-1|-1

2023-07-18 15:12:20,585 INFO PERFORMANCE:|8|8|-1|-1

2023-07-18 15:17:20,607 INFO PERFORMANCE:|8|8|-1|-1

2023-07-18 15:22:20,617 INFO PERFORMANCE:|8|8|-1|-1

2023-07-18 15:27:20,628 INFO PERFORMANCE:|8|8|-1|-1

2023-07-18 15:32:20,634 INFO PERFORMANCE:|8|8|-1|-1

2023-07-18 15:37:20,659 INFO PERFORMANCE:|8|8|-1|-1

2023-07-18 15:42:20,680 INFO PERFORMANCE:|8|8|-1|-1

2023-07-18 15:47:20,689 INFO PERFORMANCE:|8|8|-1|-1

2023-07-18 15:52:20,706 INFO PERFORMANCE:|8|8|-1|-1

2023-07-18 15:57:20,716 INFO PERFORMANCE:|8|8|-1|-1

2023-07-18 16:02:20,717 INFO PERFORMANCE:|8|8|-1|-1

2023-07-18 16:07:20,721 INFO PERFORMANCE:|8|8|-1|-1

2023-07-18 16:12:20,729 INFO PERFORMANCE:|8|8|-1|-1

2023-07-18 16:17:20,733 INFO PERFORMANCE:|8|8|-1|-1

2023-07-18 16:22:20,742 INFO PERFORMANCE:|8|8|-1|-1

2023-07-18 16:27:20,748 INFO PERFORMANCE:|8|8|-1|-1

2023-07-18 16:32:20,753 INFO PERFORMANCE:|8|8|-1|-1

2023-07-18 16:37:20,754 INFO PERFORMANCE:|8|8|-1|-1

2023-07-18 16:42:20,763 INFO PERFORMANCE:|8|8|-1|-1

2023-07-18 16:47:20,764 INFO PERFORMANCE:|8|8|-1|-1

2023-07-18 16:52:20,771 INFO PERFORMANCE:|8|8|-1|-1

2023-07-18 16:57:20,781 INFO PERFORMANCE:|8|8|-1|-1

2023-07-18 17:02:20,789 INFO PERFORMANCE:|8|8|-1|-1

2023-07-18 17:07:20,791 INFO PERFORMANCE:|8|8|-1|-1

2023-07-18 17:12:20,805 INFO PERFORMANCE:|8|8|-1|-1

2023-07-18 17:17:20,817 INFO PERFORMANCE:|8|8|-1|-1

2023-07-18 17:22:20,831 INFO PERFORMANCE:|8|8|-1|-1

